Using pre-set license
Built from '2020.3/staging' branch; Version is '2020.3.6f1 (338bb68529b2) revision 3378102'; Using compiler version '192528614'; Build Type 'Release'
OS: 'Windows 10 Home; OS build 19044.1586; Version 2009; 64bit' Language: 'en' Physical Memory: 16293 MB
BatchMode: 1, IsHumanControllingUs: 0, StartBugReporterOnCrash: 0, Is64bit: 1, IsPro: 0

 COMMAND LINE ARGUMENTS:
C:\Program Files\Unity\Hub\Editor\2020.3.6f1\Editor\Unity.exe
-adb2
-batchMode
-noUpm
-name
AssetImportWorker0
-projectPath
C:/Users/Demon/OneDrive/Documents/GitHub/aaSemester06/GAME3033_Assignment/GAME3033_FinalAssignment_BlakeLiam
-logFile
Logs/AssetImportWorker0.log
-srvPort
52704
Successfully changed project path to: C:/Users/Demon/OneDrive/Documents/GitHub/aaSemester06/GAME3033_Assignment/GAME3033_FinalAssignment_BlakeLiam
C:/Users/Demon/OneDrive/Documents/GitHub/aaSemester06/GAME3033_Assignment/GAME3033_FinalAssignment_BlakeLiam
Using Asset Import Pipeline V2.
Refreshing native plugins compatible for Editor in 32.25 ms, found 0 plugins.
Preloading 0 native plugins for Editor in 0.00 ms.
Initialize engine version: 2020.3.6f1 (338bb68529b2)
[Subsystems] Discovering subsystems at path C:/Program Files/Unity/Hub/Editor/2020.3.6f1/Editor/Data/Resources/UnitySubsystems
[Subsystems] Discovering subsystems at path C:/Users/Demon/OneDrive/Documents/GitHub/aaSemester06/GAME3033_Assignment/GAME3033_FinalAssignment_BlakeLiam/Assets
GfxDevice: creating device client; threaded=0
Direct3D:
    Version:  Direct3D 11.0 [level 11.1]
    Renderer: NVIDIA GeForce RTX 2070 SUPER (ID=0x1e84)
    Vendor:   
    VRAM:     8012 MB
    Driver:   30.0.15.1215
Initialize mono
Mono path[0] = 'C:/Program Files/Unity/Hub/Editor/2020.3.6f1/Editor/Data/Managed'
Mono path[1] = 'C:/Program Files/Unity/Hub/Editor/2020.3.6f1/Editor/Data/MonoBleedingEdge/lib/mono/unityjit'
Mono config path = 'C:/Program Files/Unity/Hub/Editor/2020.3.6f1/Editor/Data/MonoBleedingEdge/etc'
Using monoOptions --debugger-agent=transport=dt_socket,embedding=1,server=y,suspend=n,address=127.0.0.1:56064
Begin MonoManager ReloadAssembly
Registering precompiled unity dll's ...
Register platform support module: C:/Program Files/Unity/Hub/Editor/2020.3.6f1/Editor/Data/PlaybackEngines/WindowsStandaloneSupport/UnityEditor.WindowsStandalone.Extensions.dll
Registered in 0.002495 seconds.
Native extension for WindowsStandalone target not found
Refreshing native plugins compatible for Editor in 32.48 ms, found 0 plugins.
Preloading 0 native plugins for Editor in 0.00 ms.
Mono: successfully reloaded assembly
- Completed reload, in  1.315 seconds
Platform modules already initialized, skipping
Registering precompiled user dll's ...
Registered in 0.000932 seconds.
Begin MonoManager ReloadAssembly
Native extension for WindowsStandalone target not found
Refreshing native plugins compatible for Editor in 0.39 ms, found 0 plugins.
Preloading 0 native plugins for Editor in 0.00 ms.
Mono: successfully reloaded assembly
- Completed reload, in  0.933 seconds
Platform modules already initialized, skipping
========================================================================
Worker process is ready to serve import requests
Launched and connected shader compiler UnityShaderCompiler.exe after 0.06 seconds
Refreshing native plugins compatible for Editor in 0.25 ms, found 0 plugins.
Preloading 0 native plugins for Editor in 0.00 ms.
Unloading 1641 Unused Serialized files (Serialized files now loaded: 0)
System memory in use before: 81.6 MB.
System memory in use after: 81.6 MB.

Unloading 11 unused Assets to reduce memory usage. Loaded Objects now: 2087.
Total: 2.226500 ms (FindLiveObjects: 0.231000 ms CreateObjectMapping: 0.085600 ms MarkObjects: 1.824200 ms  DeleteObjects: 0.084300 ms)

========================================================================
Received Import Request.
  path: Assets/FontsandTMP
  artifactKey: Guid(6bc48aa12bcdb6c49b01c353bcf26829) Importer(815301076,1909f56bfc062723c751e8b465ee728b)
Start importing Assets/FontsandTMP using Guid(6bc48aa12bcdb6c49b01c353bcf26829) Importer(815301076,1909f56bfc062723c751e8b465ee728b)  -> (artifact id: '059d66a0a9117aa9a384eac4465e47a5') in 0.007758 seconds
  Import took 0.010491 seconds .

========================================================================
Received Import Request.
  Time since last request: 0.000457 seconds.
  path: Assets/FontsandTMP/game_sans_serif_7.ttf
  artifactKey: Guid(176320ff367ea9543a7c1a9fc210064d) Importer(815301076,1909f56bfc062723c751e8b465ee728b)
Start importing Assets/FontsandTMP/game_sans_serif_7.ttf using Guid(176320ff367ea9543a7c1a9fc210064d) Importer(815301076,1909f56bfc062723c751e8b465ee728b)  -> (artifact id: '7eafc78720f0325b6eaf92d1d31de2b9') in 0.114498 seconds
  Import took 0.117372 seconds .

========================================================================
Received Import Request.
  Time since last request: 33.830693 seconds.
  path: Assets/FontsandTMP/game_sans_serif_7 SDF.asset
  artifactKey: Guid(18861c780d0d2d34daee2e93ba14c865) Importer(815301076,1909f56bfc062723c751e8b465ee728b)
Start importing Assets/FontsandTMP/game_sans_serif_7 SDF.asset using Guid(18861c780d0d2d34daee2e93ba14c865) Importer(815301076,1909f56bfc062723c751e8b465ee728b)  -> (artifact id: 'c6d756ece3c3228aa338eead6a1885b0') in 0.047908 seconds
  Import took 0.050974 seconds .

========================================================================
Received Import Request.
  Time since last request: 69.242891 seconds.
  path: Assets/FontsandTMP/game_sans_serif_7 SDF.asset
  artifactKey: Guid(18861c780d0d2d34daee2e93ba14c865) Importer(815301076,1909f56bfc062723c751e8b465ee728b)
Start importing Assets/FontsandTMP/game_sans_serif_7 SDF.asset using Guid(18861c780d0d2d34daee2e93ba14c865) Importer(815301076,1909f56bfc062723c751e8b465ee728b)  -> (artifact id: '13d90aa2798ba85afc334b377ead1bac') in 0.025695 seconds
  Import took 0.028886 seconds .

========================================================================
Received Prepare
Registering precompiled user dll's ...
Registered in 0.000878 seconds.
Begin MonoManager ReloadAssembly
Native extension for WindowsStandalone target not found
Refreshing native plugins compatible for Editor in 0.26 ms, found 0 plugins.
Preloading 0 native plugins for Editor in 0.00 ms.
Mono: successfully reloaded assembly
- Completed reload, in  0.873 seconds
Platform modules already initialized, skipping
Refreshing native plugins compatible for Editor in 0.26 ms, found 0 plugins.
Preloading 0 native plugins for Editor in 0.00 ms.
Unloading 1598 Unused Serialized files (Serialized files now loaded: 0)
System memory in use before: 81.3 MB.
System memory in use after: 81.4 MB.

Unloading 6 unused Assets to reduce memory usage. Loaded Objects now: 2134.
Total: 1.738900 ms (FindLiveObjects: 0.140300 ms CreateObjectMapping: 0.051800 ms MarkObjects: 1.495600 ms  DeleteObjects: 0.049900 ms)

========================================================================
Received Import Request.
  Time since last request: 336.991876 seconds.
  path: Assets/[Scripts]/WaveSpawner.cs
  artifactKey: Guid(82c0438698b25394ea23258f302a3db3) Importer(815301076,1909f56bfc062723c751e8b465ee728b)
Start importing Assets/[Scripts]/WaveSpawner.cs using Guid(82c0438698b25394ea23258f302a3db3) Importer(815301076,1909f56bfc062723c751e8b465ee728b)  -> (artifact id: '0df9a0860a105c684d70f242da861736') in 0.014589 seconds
  Import took 0.018992 seconds .

========================================================================
Received Import Request.
  Time since last request: 43.089736 seconds.
  path: Assets/[Scripts]/WaveSpawner.cs
  artifactKey: Guid(82c0438698b25394ea23258f302a3db3) Importer(815301076,1909f56bfc062723c751e8b465ee728b)
Start importing Assets/[Scripts]/WaveSpawner.cs using Guid(82c0438698b25394ea23258f302a3db3) Importer(815301076,1909f56bfc062723c751e8b465ee728b)  -> (artifact id: 'cd01b4f7b40d4bb5418b0ac91368ee1f') in 0.008469 seconds
  Import took 0.011443 seconds .

========================================================================
Received Prepare
Registering precompiled user dll's ...
Registered in 0.000945 seconds.
Begin MonoManager ReloadAssembly
Native extension for WindowsStandalone target not found
Refreshing native plugins compatible for Editor in 0.25 ms, found 0 plugins.
Preloading 0 native plugins for Editor in 0.00 ms.
Mono: successfully reloaded assembly
- Completed reload, in  0.864 seconds
Platform modules already initialized, skipping
Refreshing native plugins compatible for Editor in 0.26 ms, found 0 plugins.
Preloading 0 native plugins for Editor in 0.00 ms.
Unloading 1598 Unused Serialized files (Serialized files now loaded: 0)
System memory in use before: 81.3 MB.
System memory in use after: 81.4 MB.

Unloading 6 unused Assets to reduce memory usage. Loaded Objects now: 2137.
Total: 1.895300 ms (FindLiveObjects: 0.163500 ms CreateObjectMapping: 0.057300 ms MarkObjects: 1.613700 ms  DeleteObjects: 0.059200 ms)

========================================================================
Received Prepare
Registering precompiled user dll's ...
Registered in 0.000929 seconds.
Begin MonoManager ReloadAssembly
Native extension for WindowsStandalone target not found
Refreshing native plugins compatible for Editor in 0.26 ms, found 0 plugins.
Preloading 0 native plugins for Editor in 0.00 ms.
Mono: successfully reloaded assembly
- Completed reload, in  0.865 seconds
Platform modules already initialized, skipping
Refreshing native plugins compatible for Editor in 0.25 ms, found 0 plugins.
Preloading 0 native plugins for Editor in 0.00 ms.
Unloading 1598 Unused Serialized files (Serialized files now loaded: 0)
System memory in use before: 81.3 MB.
System memory in use after: 81.4 MB.

Unloading 6 unused Assets to reduce memory usage. Loaded Objects now: 2140.
Total: 1.762100 ms (FindLiveObjects: 0.147000 ms CreateObjectMapping: 0.050200 ms MarkObjects: 1.513000 ms  DeleteObjects: 0.051100 ms)

========================================================================
Received Prepare
Registering precompiled user dll's ...
Registered in 0.000898 seconds.
Begin MonoManager ReloadAssembly
Native extension for WindowsStandalone target not found
Refreshing native plugins compatible for Editor in 0.26 ms, found 0 plugins.
Preloading 0 native plugins for Editor in 0.00 ms.
Mono: successfully reloaded assembly
- Completed reload, in  0.884 seconds
Platform modules already initialized, skipping
Refreshing native plugins compatible for Editor in 0.25 ms, found 0 plugins.
Preloading 0 native plugins for Editor in 0.00 ms.
Unloading 1598 Unused Serialized files (Serialized files now loaded: 0)
System memory in use before: 81.3 MB.
System memory in use after: 81.4 MB.

Unloading 6 unused Assets to reduce memory usage. Loaded Objects now: 2143.
Total: 2.353300 ms (FindLiveObjects: 0.169900 ms CreateObjectMapping: 0.055000 ms MarkObjects: 2.073400 ms  DeleteObjects: 0.053900 ms)

========================================================================
Received Prepare
Registering precompiled user dll's ...
Registered in 0.000871 seconds.
Begin MonoManager ReloadAssembly
Native extension for WindowsStandalone target not found
Refreshing native plugins compatible for Editor in 0.25 ms, found 0 plugins.
Preloading 0 native plugins for Editor in 0.00 ms.
Mono: successfully reloaded assembly
- Completed reload, in  0.894 seconds
Platform modules already initialized, skipping
Refreshing native plugins compatible for Editor in 0.25 ms, found 0 plugins.
Preloading 0 native plugins for Editor in 0.00 ms.
Unloading 1598 Unused Serialized files (Serialized files now loaded: 0)
System memory in use before: 81.3 MB.
System memory in use after: 81.4 MB.

Unloading 6 unused Assets to reduce memory usage. Loaded Objects now: 2146.
Total: 1.974100 ms (FindLiveObjects: 0.178600 ms CreateObjectMapping: 0.069500 ms MarkObjects: 1.668600 ms  DeleteObjects: 0.055900 ms)

========================================================================
Received Prepare
Registering precompiled user dll's ...
Registered in 0.001036 seconds.
Begin MonoManager ReloadAssembly
Native extension for WindowsStandalone target not found
Refreshing native plugins compatible for Editor in 0.26 ms, found 0 plugins.
Preloading 0 native plugins for Editor in 0.00 ms.
Mono: successfully reloaded assembly
- Completed reload, in  0.879 seconds
Platform modules already initialized, skipping
Refreshing native plugins compatible for Editor in 0.26 ms, found 0 plugins.
Preloading 0 native plugins for Editor in 0.00 ms.
Unloading 1598 Unused Serialized files (Serialized files now loaded: 0)
System memory in use before: 81.4 MB.
System memory in use after: 81.4 MB.

Unloading 6 unused Assets to reduce memory usage. Loaded Objects now: 2149.
Total: 2.710700 ms (FindLiveObjects: 0.156600 ms CreateObjectMapping: 0.059200 ms MarkObjects: 2.422600 ms  DeleteObjects: 0.070900 ms)

========================================================================
Received Prepare
Registering precompiled user dll's ...
Registered in 0.000882 seconds.
Begin MonoManager ReloadAssembly
Native extension for WindowsStandalone target not found
Refreshing native plugins compatible for Editor in 0.34 ms, found 0 plugins.
Preloading 0 native plugins for Editor in 0.00 ms.
Mono: successfully reloaded assembly
- Completed reload, in  0.862 seconds
Platform modules already initialized, skipping
Refreshing native plugins compatible for Editor in 0.25 ms, found 0 plugins.
Preloading 0 native plugins for Editor in 0.00 ms.
Unloading 1598 Unused Serialized files (Serialized files now loaded: 0)
System memory in use before: 81.4 MB.
System memory in use after: 81.4 MB.

Unloading 6 unused Assets to reduce memory usage. Loaded Objects now: 2152.
Total: 1.790100 ms (FindLiveObjects: 0.148300 ms CreateObjectMapping: 0.052400 ms MarkObjects: 1.538300 ms  DeleteObjects: 0.049700 ms)

========================================================================
Received Prepare
Registering precompiled user dll's ...
Registered in 0.001007 seconds.
Begin MonoManager ReloadAssembly
Native extension for WindowsStandalone target not found
Refreshing native plugins compatible for Editor in 0.27 ms, found 0 plugins.
Preloading 0 native plugins for Editor in 0.00 ms.
Mono: successfully reloaded assembly
- Completed reload, in  0.862 seconds
Platform modules already initialized, skipping
Refreshing native plugins compatible for Editor in 0.26 ms, found 0 plugins.
Preloading 0 native plugins for Editor in 0.00 ms.
Unloading 1598 Unused Serialized files (Serialized files now loaded: 0)
System memory in use before: 81.4 MB.
System memory in use after: 81.4 MB.

Unloading 6 unused Assets to reduce memory usage. Loaded Objects now: 2155.
Total: 2.322600 ms (FindLiveObjects: 0.165300 ms CreateObjectMapping: 0.057600 ms MarkObjects: 2.043900 ms  DeleteObjects: 0.054700 ms)

========================================================================
Received Import Request.
  Time since last request: 1309.207091 seconds.
  path: Assets/Prefabs/WaveSpawner.prefab
  artifactKey: Guid(c91a6d74ee6c1c849b1af47fe84d7212) Importer(815301076,1909f56bfc062723c751e8b465ee728b)
Start importing Assets/Prefabs/WaveSpawner.prefab using Guid(c91a6d74ee6c1c849b1af47fe84d7212) Importer(815301076,1909f56bfc062723c751e8b465ee728b)  -> (artifact id: '2455b7bb141b57abcada0f38f450fc4b') in 0.038808 seconds
  Import took 0.042627 seconds .

========================================================================
Received Import Request.
  Time since last request: 0.000470 seconds.
  path: Assets/Prefabs/WaveSpawner.prefab
  artifactKey: Guid(c91a6d74ee6c1c849b1af47fe84d7212) Importer(815301076,1909f56bfc062723c751e8b465ee728b)
Start importing Assets/Prefabs/WaveSpawner.prefab using Guid(c91a6d74ee6c1c849b1af47fe84d7212) Importer(815301076,1909f56bfc062723c751e8b465ee728b)  -> (artifact id: '2455b7bb141b57abcada0f38f450fc4b') in 0.010437 seconds
  Import took 0.013659 seconds .

========================================================================
Received Prepare
Registering precompiled user dll's ...
Registered in 0.000892 seconds.
Begin MonoManager ReloadAssembly
Native extension for WindowsStandalone target not found
Refreshing native plugins compatible for Editor in 0.26 ms, found 0 plugins.
Preloading 0 native plugins for Editor in 0.00 ms.
Mono: successfully reloaded assembly
- Completed reload, in  0.866 seconds
Platform modules already initialized, skipping
Refreshing native plugins compatible for Editor in 0.27 ms, found 0 plugins.
Preloading 0 native plugins for Editor in 0.00 ms.
Unloading 1598 Unused Serialized files (Serialized files now loaded: 0)
System memory in use before: 81.4 MB.
System memory in use after: 81.5 MB.

Unloading 6 unused Assets to reduce memory usage. Loaded Objects now: 2158.
Total: 1.689400 ms (FindLiveObjects: 0.147600 ms CreateObjectMapping: 0.051900 ms MarkObjects: 1.437600 ms  DeleteObjects: 0.050800 ms)

========================================================================
Received Prepare
Registering precompiled user dll's ...
Registered in 0.000892 seconds.
Begin MonoManager ReloadAssembly
Native extension for WindowsStandalone target not found
Refreshing native plugins compatible for Editor in 0.31 ms, found 0 plugins.
Preloading 0 native plugins for Editor in 0.00 ms.
Mono: successfully reloaded assembly
- Completed reload, in  1.000 seconds
Platform modules already initialized, skipping
Refreshing native plugins compatible for Editor in 0.31 ms, found 0 plugins.
Preloading 0 native plugins for Editor in 0.00 ms.
Unloading 1598 Unused Serialized files (Serialized files now loaded: 0)
System memory in use before: 81.4 MB.
System memory in use after: 81.5 MB.

Unloading 6 unused Assets to reduce memory usage. Loaded Objects now: 2161.
Total: 2.066000 ms (FindLiveObjects: 0.160800 ms CreateObjectMapping: 0.107500 ms MarkObjects: 1.743900 ms  DeleteObjects: 0.052500 ms)

========================================================================
Received Prepare
Registering precompiled user dll's ...
Registered in 0.000924 seconds.
Begin MonoManager ReloadAssembly
Native extension for WindowsStandalone target not found
Refreshing native plugins compatible for Editor in 0.26 ms, found 0 plugins.
Preloading 0 native plugins for Editor in 0.00 ms.
Mono: successfully reloaded assembly
- Completed reload, in  0.874 seconds
Platform modules already initialized, skipping
Refreshing native plugins compatible for Editor in 0.25 ms, found 0 plugins.
Preloading 0 native plugins for Editor in 0.00 ms.
Unloading 1598 Unused Serialized files (Serialized files now loaded: 0)
System memory in use before: 81.4 MB.
System memory in use after: 81.5 MB.

Unloading 6 unused Assets to reduce memory usage. Loaded Objects now: 2164.
Total: 1.950000 ms (FindLiveObjects: 0.159700 ms CreateObjectMapping: 0.055000 ms MarkObjects: 1.673200 ms  DeleteObjects: 0.060300 ms)

========================================================================
Received Prepare
Registering precompiled user dll's ...
Registered in 0.000902 seconds.
Begin MonoManager ReloadAssembly
Native extension for WindowsStandalone target not found
Refreshing native plugins compatible for Editor in 0.33 ms, found 0 plugins.
Preloading 0 native plugins for Editor in 0.00 ms.
Mono: successfully reloaded assembly
- Completed reload, in  1.047 seconds
Platform modules already initialized, skipping
Refreshing native plugins compatible for Editor in 0.27 ms, found 0 plugins.
Preloading 0 native plugins for Editor in 0.00 ms.
Unloading 1598 Unused Serialized files (Serialized files now loaded: 0)
System memory in use before: 81.4 MB.
System memory in use after: 81.5 MB.

Unloading 6 unused Assets to reduce memory usage. Loaded Objects now: 2167.
Total: 2.276000 ms (FindLiveObjects: 0.262500 ms CreateObjectMapping: 0.097700 ms MarkObjects: 1.759100 ms  DeleteObjects: 0.155300 ms)

========================================================================
Received Prepare
Registering precompiled user dll's ...
Registered in 0.000934 seconds.
Begin MonoManager ReloadAssembly
Native extension for WindowsStandalone target not found
Refreshing native plugins compatible for Editor in 0.26 ms, found 0 plugins.
Preloading 0 native plugins for Editor in 0.00 ms.
Mono: successfully reloaded assembly
- Completed reload, in  0.856 seconds
Platform modules already initialized, skipping
Refreshing native plugins compatible for Editor in 0.26 ms, found 0 plugins.
Preloading 0 native plugins for Editor in 0.00 ms.
Unloading 1598 Unused Serialized files (Serialized files now loaded: 0)
System memory in use before: 81.4 MB.
System memory in use after: 81.5 MB.

Unloading 6 unused Assets to reduce memory usage. Loaded Objects now: 2170.
Total: 1.800300 ms (FindLiveObjects: 0.150800 ms CreateObjectMapping: 0.052500 ms MarkObjects: 1.540500 ms  DeleteObjects: 0.055300 ms)

========================================================================
Received Import Request.
  Time since last request: 378.663434 seconds.
  path: Assets/Prefabs/WaveSpawner.prefab
  artifactKey: Guid(c91a6d74ee6c1c849b1af47fe84d7212) Importer(815301076,1909f56bfc062723c751e8b465ee728b)
Start importing Assets/Prefabs/WaveSpawner.prefab using Guid(c91a6d74ee6c1c849b1af47fe84d7212) Importer(815301076,1909f56bfc062723c751e8b465ee728b)  -> (artifact id: 'a1d97bca37b40ecabad3f8bfe462e8ef') in 0.030954 seconds
  Import took 0.033790 seconds .

========================================================================
Received Prepare
Registering precompiled user dll's ...
Registered in 0.000921 seconds.
Begin MonoManager ReloadAssembly
Native extension for WindowsStandalone target not found
Refreshing native plugins compatible for Editor in 0.26 ms, found 0 plugins.
Preloading 0 native plugins for Editor in 0.00 ms.
Mono: successfully reloaded assembly
- Completed reload, in  0.877 seconds
Platform modules already initialized, skipping
Refreshing native plugins compatible for Editor in 0.27 ms, found 0 plugins.
Preloading 0 native plugins for Editor in 0.00 ms.
Unloading 1598 Unused Serialized files (Serialized files now loaded: 0)
System memory in use before: 81.4 MB.
System memory in use after: 81.5 MB.

Unloading 6 unused Assets to reduce memory usage. Loaded Objects now: 2173.
Total: 1.825000 ms (FindLiveObjects: 0.149300 ms CreateObjectMapping: 0.057000 ms MarkObjects: 1.565300 ms  DeleteObjects: 0.052300 ms)

========================================================================
Received Import Request.
  Time since last request: 38.421836 seconds.
  path: Assets/Prefabs/WaveSpawner.prefab
  artifactKey: Guid(c91a6d74ee6c1c849b1af47fe84d7212) Importer(815301076,1909f56bfc062723c751e8b465ee728b)
Start importing Assets/Prefabs/WaveSpawner.prefab using Guid(c91a6d74ee6c1c849b1af47fe84d7212) Importer(815301076,1909f56bfc062723c751e8b465ee728b)  -> (artifact id: '5dee653a8aba695565926baad6b11729') in 0.031502 seconds
  Import took 0.034773 seconds .

========================================================================
Received Prepare
Registering precompiled user dll's ...
Registered in 0.001069 seconds.
Begin MonoManager ReloadAssembly
Native extension for WindowsStandalone target not found
Refreshing native plugins compatible for Editor in 0.29 ms, found 0 plugins.
Preloading 0 native plugins for Editor in 0.00 ms.
Mono: successfully reloaded assembly
- Completed reload, in  0.859 seconds
Platform modules already initialized, skipping
Refreshing native plugins compatible for Editor in 0.26 ms, found 0 plugins.
Preloading 0 native plugins for Editor in 0.00 ms.
Unloading 1598 Unused Serialized files (Serialized files now loaded: 0)
System memory in use before: 81.4 MB.
System memory in use after: 81.5 MB.

Unloading 6 unused Assets to reduce memory usage. Loaded Objects now: 2176.
Total: 1.872600 ms (FindLiveObjects: 0.160800 ms CreateObjectMapping: 0.061500 ms MarkObjects: 1.595200 ms  DeleteObjects: 0.053800 ms)

========================================================================
Received Prepare
Registering precompiled user dll's ...
Registered in 0.000956 seconds.
Begin MonoManager ReloadAssembly
Native extension for WindowsStandalone target not found
Refreshing native plugins compatible for Editor in 0.26 ms, found 0 plugins.
Preloading 0 native plugins for Editor in 0.00 ms.
Mono: successfully reloaded assembly
- Completed reload, in  0.868 seconds
Platform modules already initialized, skipping
Refreshing native plugins compatible for Editor in 0.26 ms, found 0 plugins.
Preloading 0 native plugins for Editor in 0.00 ms.
Unloading 1598 Unused Serialized files (Serialized files now loaded: 0)
System memory in use before: 81.4 MB.
System memory in use after: 81.5 MB.

Unloading 6 unused Assets to reduce memory usage. Loaded Objects now: 2179.
Total: 2.597500 ms (FindLiveObjects: 0.333100 ms CreateObjectMapping: 0.427700 ms MarkObjects: 1.777000 ms  DeleteObjects: 0.057700 ms)

========================================================================
Received Prepare
Registering precompiled user dll's ...
Registered in 0.000874 seconds.
Begin MonoManager ReloadAssembly
Native extension for WindowsStandalone target not found
Refreshing native plugins compatible for Editor in 0.26 ms, found 0 plugins.
Preloading 0 native plugins for Editor in 0.00 ms.
Mono: successfully reloaded assembly
- Completed reload, in  0.858 seconds
Platform modules already initialized, skipping
Refreshing native plugins compatible for Editor in 0.25 ms, found 0 plugins.
Preloading 0 native plugins for Editor in 0.00 ms.
Unloading 1598 Unused Serialized files (Serialized files now loaded: 0)
System memory in use before: 81.4 MB.
System memory in use after: 81.5 MB.

Unloading 6 unused Assets to reduce memory usage. Loaded Objects now: 2182.
Total: 1.769900 ms (FindLiveObjects: 0.147600 ms CreateObjectMapping: 0.053300 ms MarkObjects: 1.518600 ms  DeleteObjects: 0.049500 ms)

========================================================================
Received Prepare
Registering precompiled user dll's ...
Registered in 0.000852 seconds.
Begin MonoManager ReloadAssembly
Native extension for WindowsStandalone target not found
Refreshing native plugins compatible for Editor in 0.27 ms, found 0 plugins.
Preloading 0 native plugins for Editor in 0.00 ms.
Mono: successfully reloaded assembly
- Completed reload, in  0.870 seconds
Platform modules already initialized, skipping
Refreshing native plugins compatible for Editor in 0.29 ms, found 0 plugins.
Preloading 0 native plugins for Editor in 0.00 ms.
Unloading 1598 Unused Serialized files (Serialized files now loaded: 0)
System memory in use before: 81.4 MB.
System memory in use after: 81.5 MB.

Unloading 6 unused Assets to reduce memory usage. Loaded Objects now: 2185.
Total: 2.216300 ms (FindLiveObjects: 0.230300 ms CreateObjectMapping: 0.070500 ms MarkObjects: 1.853800 ms  DeleteObjects: 0.060300 ms)

========================================================================
Received Prepare
Registering precompiled user dll's ...
Registered in 0.001085 seconds.
Begin MonoManager ReloadAssembly
Native extension for WindowsStandalone target not found
Refreshing native plugins compatible for Editor in 0.29 ms, found 0 plugins.
Preloading 0 native plugins for Editor in 0.00 ms.
Mono: successfully reloaded assembly
- Completed reload, in  0.867 seconds
Platform modules already initialized, skipping
Refreshing native plugins compatible for Editor in 0.28 ms, found 0 plugins.
Preloading 0 native plugins for Editor in 0.00 ms.
Unloading 1598 Unused Serialized files (Serialized files now loaded: 0)
System memory in use before: 81.4 MB.
System memory in use after: 81.5 MB.

Unloading 6 unused Assets to reduce memory usage. Loaded Objects now: 2188.
Total: 1.846900 ms (FindLiveObjects: 0.168400 ms CreateObjectMapping: 0.063800 ms MarkObjects: 1.556800 ms  DeleteObjects: 0.056700 ms)

========================================================================
Received Prepare
Registering precompiled user dll's ...
Registered in 0.000876 seconds.
Begin MonoManager ReloadAssembly
Native extension for WindowsStandalone target not found
Refreshing native plugins compatible for Editor in 0.27 ms, found 0 plugins.
Preloading 0 native plugins for Editor in 0.00 ms.
Mono: successfully reloaded assembly
- Completed reload, in  0.865 seconds
Platform modules already initialized, skipping
Refreshing native plugins compatible for Editor in 0.27 ms, found 0 plugins.
Preloading 0 native plugins for Editor in 0.00 ms.
Unloading 1598 Unused Serialized files (Serialized files now loaded: 0)
System memory in use before: 81.5 MB.
System memory in use after: 81.6 MB.

Unloading 6 unused Assets to reduce memory usage. Loaded Objects now: 2191.
Total: 1.877900 ms (FindLiveObjects: 0.157300 ms CreateObjectMapping: 0.054600 ms MarkObjects: 1.588300 ms  DeleteObjects: 0.075800 ms)

========================================================================
Received Prepare
Registering precompiled user dll's ...
Registered in 0.000883 seconds.
Begin MonoManager ReloadAssembly
Native extension for WindowsStandalone target not found
Refreshing native plugins compatible for Editor in 0.27 ms, found 0 plugins.
Preloading 0 native plugins for Editor in 0.00 ms.
Mono: successfully reloaded assembly
- Completed reload, in  0.869 seconds
Platform modules already initialized, skipping
Refreshing native plugins compatible for Editor in 0.25 ms, found 0 plugins.
Preloading 0 native plugins for Editor in 0.00 ms.
Unloading 1598 Unused Serialized files (Serialized files now loaded: 0)
System memory in use before: 81.5 MB.
System memory in use after: 81.6 MB.

Unloading 6 unused Assets to reduce memory usage. Loaded Objects now: 2194.
Total: 1.873600 ms (FindLiveObjects: 0.151000 ms CreateObjectMapping: 0.052800 ms MarkObjects: 1.611200 ms  DeleteObjects: 0.057700 ms)

========================================================================
Received Prepare
Registering precompiled user dll's ...
Registered in 0.000878 seconds.
Begin MonoManager ReloadAssembly
Native extension for WindowsStandalone target not found
Refreshing native plugins compatible for Editor in 0.26 ms, found 0 plugins.
Preloading 0 native plugins for Editor in 0.00 ms.
Mono: successfully reloaded assembly
- Completed reload, in  0.860 seconds
Platform modules already initialized, skipping
Refreshing native plugins compatible for Editor in 0.25 ms, found 0 plugins.
Preloading 0 native plugins for Editor in 0.00 ms.
Unloading 1598 Unused Serialized files (Serialized files now loaded: 0)
System memory in use before: 81.5 MB.
System memory in use after: 81.6 MB.

Unloading 6 unused Assets to reduce memory usage. Loaded Objects now: 2197.
Total: 1.799700 ms (FindLiveObjects: 0.235600 ms CreateObjectMapping: 0.070000 ms MarkObjects: 1.431600 ms  DeleteObjects: 0.060900 ms)

========================================================================
Received Import Request.
  Time since last request: 1052.900948 seconds.
  path: Assets/Prefabs/WaveSpawner.prefab
  artifactKey: Guid(c91a6d74ee6c1c849b1af47fe84d7212) Importer(815301076,1909f56bfc062723c751e8b465ee728b)
Start importing Assets/Prefabs/WaveSpawner.prefab using Guid(c91a6d74ee6c1c849b1af47fe84d7212) Importer(815301076,1909f56bfc062723c751e8b465ee728b)  -> (artifact id: '204ef9bce8f1286722aff99c6adc2a4d') in 0.042171 seconds
  Import took 0.045415 seconds .

========================================================================
Received Import Request.
  Time since last request: 0.000367 seconds.
  path: Assets/Prefabs/Zombie.prefab
  artifactKey: Guid(72cee4b659fe064459aabcc90877d2b4) Importer(815301076,1909f56bfc062723c751e8b465ee728b)
Start importing Assets/Prefabs/Zombie.prefab using Guid(72cee4b659fe064459aabcc90877d2b4) Importer(815301076,1909f56bfc062723c751e8b465ee728b)  -> (artifact id: 'd3a7002a846f87f8fd0efd3d42554e41') in 0.148951 seconds
  Import took 0.152058 seconds .

========================================================================
Received Import Request.
  Time since last request: 0.977009 seconds.
  path: Assets/Prefabs/WaveSpawner.prefab
  artifactKey: Guid(c91a6d74ee6c1c849b1af47fe84d7212) Importer(815301076,1909f56bfc062723c751e8b465ee728b)
Start importing Assets/Prefabs/WaveSpawner.prefab using Guid(c91a6d74ee6c1c849b1af47fe84d7212) Importer(815301076,1909f56bfc062723c751e8b465ee728b)  -> (artifact id: '204ef9bce8f1286722aff99c6adc2a4d') in 0.008483 seconds
  Import took 0.011343 seconds .

========================================================================
Received Prepare
Registering precompiled user dll's ...
Registered in 0.000920 seconds.
Begin MonoManager ReloadAssembly
Native extension for WindowsStandalone target not found
Refreshing native plugins compatible for Editor in 0.25 ms, found 0 plugins.
Preloading 0 native plugins for Editor in 0.00 ms.
Mono: successfully reloaded assembly
- Completed reload, in  0.863 seconds
Platform modules already initialized, skipping
Refreshing native plugins compatible for Editor in 0.26 ms, found 0 plugins.
Preloading 0 native plugins for Editor in 0.00 ms.
Unloading 1598 Unused Serialized files (Serialized files now loaded: 0)
System memory in use before: 95.1 MB.
System memory in use after: 95.2 MB.

Unloading 6 unused Assets to reduce memory usage. Loaded Objects now: 2202.
Total: 1.778400 ms (FindLiveObjects: 0.146900 ms CreateObjectMapping: 0.052700 ms MarkObjects: 1.523400 ms  DeleteObjects: 0.054400 ms)

========================================================================
Received Prepare
Registering precompiled user dll's ...
Registered in 0.000906 seconds.
Begin MonoManager ReloadAssembly
Native extension for WindowsStandalone target not found
Refreshing native plugins compatible for Editor in 0.27 ms, found 0 plugins.
Preloading 0 native plugins for Editor in 0.00 ms.
Mono: successfully reloaded assembly
- Completed reload, in  0.841 seconds
Platform modules already initialized, skipping
Refreshing native plugins compatible for Editor in 0.27 ms, found 0 plugins.
Preloading 0 native plugins for Editor in 0.00 ms.
Unloading 1598 Unused Serialized files (Serialized files now loaded: 0)
System memory in use before: 95.1 MB.
System memory in use after: 95.2 MB.

Unloading 6 unused Assets to reduce memory usage. Loaded Objects now: 2205.
Total: 1.896900 ms (FindLiveObjects: 0.161500 ms CreateObjectMapping: 0.059600 ms MarkObjects: 1.613600 ms  DeleteObjects: 0.061200 ms)

========================================================================
Received Prepare
Registering precompiled user dll's ...
Registered in 0.001112 seconds.
Begin MonoManager ReloadAssembly
Native extension for WindowsStandalone target not found
Refreshing native plugins compatible for Editor in 0.27 ms, found 0 plugins.
Preloading 0 native plugins for Editor in 0.00 ms.
Mono: successfully reloaded assembly
- Completed reload, in  0.983 seconds
Platform modules already initialized, skipping
Refreshing native plugins compatible for Editor in 0.28 ms, found 0 plugins.
Preloading 0 native plugins for Editor in 0.00 ms.
Unloading 1598 Unused Serialized files (Serialized files now loaded: 0)
System memory in use before: 95.1 MB.
System memory in use after: 95.2 MB.

Unloading 6 unused Assets to reduce memory usage. Loaded Objects now: 2208.
Total: 1.815600 ms (FindLiveObjects: 0.166000 ms CreateObjectMapping: 0.056600 ms MarkObjects: 1.515800 ms  DeleteObjects: 0.065900 ms)

========================================================================
Received Prepare
Registering precompiled user dll's ...
Registered in 0.001322 seconds.
Begin MonoManager ReloadAssembly
Native extension for WindowsStandalone target not found
Refreshing native plugins compatible for Editor in 0.26 ms, found 0 plugins.
Preloading 0 native plugins for Editor in 0.00 ms.
Mono: successfully reloaded assembly
- Completed reload, in  0.974 seconds
Platform modules already initialized, skipping
Refreshing native plugins compatible for Editor in 0.26 ms, found 0 plugins.
Preloading 0 native plugins for Editor in 0.00 ms.
Unloading 1598 Unused Serialized files (Serialized files now loaded: 0)
System memory in use before: 95.1 MB.
System memory in use after: 95.2 MB.

Unloading 6 unused Assets to reduce memory usage. Loaded Objects now: 2211.
Total: 1.790800 ms (FindLiveObjects: 0.157400 ms CreateObjectMapping: 0.053800 ms MarkObjects: 1.526000 ms  DeleteObjects: 0.052300 ms)

========================================================================
Received Prepare
Registering precompiled user dll's ...
Registered in 0.000977 seconds.
Begin MonoManager ReloadAssembly
Native extension for WindowsStandalone target not found
Refreshing native plugins compatible for Editor in 0.26 ms, found 0 plugins.
Preloading 0 native plugins for Editor in 0.00 ms.
Mono: successfully reloaded assembly
- Completed reload, in  0.871 seconds
Platform modules already initialized, skipping
Refreshing native plugins compatible for Editor in 0.26 ms, found 0 plugins.
Preloading 0 native plugins for Editor in 0.00 ms.
Unloading 1598 Unused Serialized files (Serialized files now loaded: 0)
System memory in use before: 95.1 MB.
System memory in use after: 95.2 MB.

Unloading 6 unused Assets to reduce memory usage. Loaded Objects now: 2214.
Total: 1.977400 ms (FindLiveObjects: 0.187400 ms CreateObjectMapping: 0.064000 ms MarkObjects: 1.653200 ms  DeleteObjects: 0.071300 ms)

========================================================================
Received Prepare
Registering precompiled user dll's ...
Registered in 0.000916 seconds.
Begin MonoManager ReloadAssembly
Native extension for WindowsStandalone target not found
Refreshing native plugins compatible for Editor in 0.27 ms, found 0 plugins.
Preloading 0 native plugins for Editor in 0.00 ms.
Mono: successfully reloaded assembly
- Completed reload, in  0.865 seconds
Platform modules already initialized, skipping
Refreshing native plugins compatible for Editor in 0.26 ms, found 0 plugins.
Preloading 0 native plugins for Editor in 0.00 ms.
Unloading 1598 Unused Serialized files (Serialized files now loaded: 0)
System memory in use before: 95.1 MB.
System memory in use after: 95.2 MB.

Unloading 6 unused Assets to reduce memory usage. Loaded Objects now: 2217.
Total: 2.264400 ms (FindLiveObjects: 0.413100 ms CreateObjectMapping: 0.084700 ms MarkObjects: 1.705700 ms  DeleteObjects: 0.059600 ms)

========================================================================
Received Prepare
Registering precompiled user dll's ...
Registered in 0.001048 seconds.
Begin MonoManager ReloadAssembly
Native extension for WindowsStandalone target not found
Refreshing native plugins compatible for Editor in 0.26 ms, found 0 plugins.
Preloading 0 native plugins for Editor in 0.00 ms.
Mono: successfully reloaded assembly
- Completed reload, in  0.879 seconds
Platform modules already initialized, skipping
Refreshing native plugins compatible for Editor in 0.28 ms, found 0 plugins.
Preloading 0 native plugins for Editor in 0.00 ms.
Unloading 1598 Unused Serialized files (Serialized files now loaded: 0)
System memory in use before: 95.1 MB.
System memory in use after: 95.2 MB.

Unloading 6 unused Assets to reduce memory usage. Loaded Objects now: 2220.
Total: 1.991200 ms (FindLiveObjects: 0.163600 ms CreateObjectMapping: 0.060700 ms MarkObjects: 1.707500 ms  DeleteObjects: 0.058200 ms)

========================================================================
Received Prepare
Registering precompiled user dll's ...
Registered in 0.001577 seconds.
Begin MonoManager ReloadAssembly
Native extension for WindowsStandalone target not found
Refreshing native plugins compatible for Editor in 0.26 ms, found 0 plugins.
Preloading 0 native plugins for Editor in 0.00 ms.
Mono: successfully reloaded assembly
- Completed reload, in  0.861 seconds
Platform modules already initialized, skipping
Refreshing native plugins compatible for Editor in 0.34 ms, found 0 plugins.
Preloading 0 native plugins for Editor in 0.00 ms.
Unloading 1598 Unused Serialized files (Serialized files now loaded: 0)
System memory in use before: 95.1 MB.
System memory in use after: 95.2 MB.

Unloading 6 unused Assets to reduce memory usage. Loaded Objects now: 2223.
Total: 1.871300 ms (FindLiveObjects: 0.157500 ms CreateObjectMapping: 0.052100 ms MarkObjects: 1.605800 ms  DeleteObjects: 0.054800 ms)

========================================================================
Received Prepare
Registering precompiled user dll's ...
Registered in 0.001048 seconds.
Begin MonoManager ReloadAssembly
Native extension for WindowsStandalone target not found
Refreshing native plugins compatible for Editor in 0.26 ms, found 0 plugins.
Preloading 0 native plugins for Editor in 0.00 ms.
Mono: successfully reloaded assembly
- Completed reload, in  0.849 seconds
Platform modules already initialized, skipping
Refreshing native plugins compatible for Editor in 0.25 ms, found 0 plugins.
Preloading 0 native plugins for Editor in 0.00 ms.
Unloading 1598 Unused Serialized files (Serialized files now loaded: 0)
System memory in use before: 95.1 MB.
System memory in use after: 95.2 MB.

Unloading 6 unused Assets to reduce memory usage. Loaded Objects now: 2226.
Total: 1.867100 ms (FindLiveObjects: 0.179800 ms CreateObjectMapping: 0.058800 ms MarkObjects: 1.559100 ms  DeleteObjects: 0.068300 ms)

========================================================================
Received Prepare
Registering precompiled user dll's ...
Registered in 0.001082 seconds.
Begin MonoManager ReloadAssembly
Native extension for WindowsStandalone target not found
Refreshing native plugins compatible for Editor in 0.29 ms, found 0 plugins.
Preloading 0 native plugins for Editor in 0.00 ms.
Mono: successfully reloaded assembly
- Completed reload, in  0.970 seconds
Platform modules already initialized, skipping
Refreshing native plugins compatible for Editor in 0.29 ms, found 0 plugins.
Preloading 0 native plugins for Editor in 0.00 ms.
Unloading 1598 Unused Serialized files (Serialized files now loaded: 0)
System memory in use before: 95.2 MB.
System memory in use after: 95.2 MB.

Unloading 6 unused Assets to reduce memory usage. Loaded Objects now: 2229.
Total: 2.037200 ms (FindLiveObjects: 0.247100 ms CreateObjectMapping: 0.074000 ms MarkObjects: 1.656700 ms  DeleteObjects: 0.058000 ms)

========================================================================
Received Import Request.
  Time since last request: 2191.344334 seconds.
  path: Assets/Prefabs/Zombie.prefab
  artifactKey: Guid(72cee4b659fe064459aabcc90877d2b4) Importer(815301076,1909f56bfc062723c751e8b465ee728b)
Start importing Assets/Prefabs/Zombie.prefab using Guid(72cee4b659fe064459aabcc90877d2b4) Importer(815301076,1909f56bfc062723c751e8b465ee728b)  -> (artifact id: '9a51000081047a391f340b500f26e893') in 0.079206 seconds
  Import took 0.083522 seconds .

========================================================================
Received Import Request.
  Time since last request: 1.097443 seconds.
  path: Assets/Prefabs/Zombie.prefab
  artifactKey: Guid(72cee4b659fe064459aabcc90877d2b4) Importer(815301076,1909f56bfc062723c751e8b465ee728b)
Start importing Assets/Prefabs/Zombie.prefab using Guid(72cee4b659fe064459aabcc90877d2b4) Importer(815301076,1909f56bfc062723c751e8b465ee728b)  -> (artifact id: 'bb3eb334fd3098f5c95b79f1eabcfc97') in 0.037179 seconds
  Import took 0.040651 seconds .

========================================================================
Received Import Request.
  Time since last request: 5.203707 seconds.
  path: Assets/Prefabs/Zombie.prefab
  artifactKey: Guid(72cee4b659fe064459aabcc90877d2b4) Importer(815301076,1909f56bfc062723c751e8b465ee728b)
Start importing Assets/Prefabs/Zombie.prefab using Guid(72cee4b659fe064459aabcc90877d2b4) Importer(815301076,1909f56bfc062723c751e8b465ee728b)  -> (artifact id: '1fa0c876a926629184321fb664a2f906') in 0.030118 seconds
  Import took 0.034099 seconds .

========================================================================
Received Import Request.
  Time since last request: 1.377616 seconds.
  path: Assets/Prefabs/Zombie.prefab
  artifactKey: Guid(72cee4b659fe064459aabcc90877d2b4) Importer(815301076,1909f56bfc062723c751e8b465ee728b)
Start importing Assets/Prefabs/Zombie.prefab using Guid(72cee4b659fe064459aabcc90877d2b4) Importer(815301076,1909f56bfc062723c751e8b465ee728b)  -> (artifact id: '2530d1dc6d4c72e893ae5f50b7982563') in 0.029700 seconds
  Import took 0.033077 seconds .

========================================================================
Received Import Request.
  Time since last request: 5.615781 seconds.
  path: Assets/Prefabs/Zombie.prefab
  artifactKey: Guid(72cee4b659fe064459aabcc90877d2b4) Importer(815301076,1909f56bfc062723c751e8b465ee728b)
Start importing Assets/Prefabs/Zombie.prefab using Guid(72cee4b659fe064459aabcc90877d2b4) Importer(815301076,1909f56bfc062723c751e8b465ee728b)  -> (artifact id: 'b2666680bf97fa2ce72147d1e008d562') in 0.032351 seconds
  Import took 0.036307 seconds .

========================================================================
Received Import Request.
  Time since last request: 4.595956 seconds.
  path: Assets/Prefabs/Zombie.prefab
  artifactKey: Guid(72cee4b659fe064459aabcc90877d2b4) Importer(815301076,1909f56bfc062723c751e8b465ee728b)
Start importing Assets/Prefabs/Zombie.prefab using Guid(72cee4b659fe064459aabcc90877d2b4) Importer(815301076,1909f56bfc062723c751e8b465ee728b)  -> (artifact id: '51cd312de8f7a121bb4b3aae86180107') in 0.031477 seconds
  Import took 0.035472 seconds .

========================================================================
Received Import Request.
  Time since last request: 10.270627 seconds.
  path: Assets/Prefabs/Zombie.prefab
  artifactKey: Guid(72cee4b659fe064459aabcc90877d2b4) Importer(815301076,1909f56bfc062723c751e8b465ee728b)
Start importing Assets/Prefabs/Zombie.prefab using Guid(72cee4b659fe064459aabcc90877d2b4) Importer(815301076,1909f56bfc062723c751e8b465ee728b)  -> (artifact id: '862ff7d6f6562e16e19cb4f81c02a4c4') in 0.030295 seconds
  Import took 0.034471 seconds .

========================================================================
Received Import Request.
  Time since last request: 11.448923 seconds.
  path: Assets/Prefabs/Zombie.prefab
  artifactKey: Guid(72cee4b659fe064459aabcc90877d2b4) Importer(815301076,1909f56bfc062723c751e8b465ee728b)
Start importing Assets/Prefabs/Zombie.prefab using Guid(72cee4b659fe064459aabcc90877d2b4) Importer(815301076,1909f56bfc062723c751e8b465ee728b)  -> (artifact id: 'd341c33727bf969c0c805e23d7fac504') in 0.032433 seconds
  Import took 0.036307 seconds .

========================================================================
Received Import Request.
  Time since last request: 2.570281 seconds.
  path: Assets/Prefabs/Zombie.prefab
  artifactKey: Guid(72cee4b659fe064459aabcc90877d2b4) Importer(815301076,1909f56bfc062723c751e8b465ee728b)
Start importing Assets/Prefabs/Zombie.prefab using Guid(72cee4b659fe064459aabcc90877d2b4) Importer(815301076,1909f56bfc062723c751e8b465ee728b)  -> (artifact id: '47d8737ce935ff48c2c28157e205efc9') in 0.030915 seconds
  Import took 0.034771 seconds .

========================================================================
Received Import Request.
  Time since last request: 11.999689 seconds.
  path: ProjectSettings/TagManager.asset
  artifactKey: Guid(00000000000000003000000000000000) Importer(815301076,1909f56bfc062723c751e8b465ee728b)
Start importing ProjectSettings/TagManager.asset using Guid(00000000000000003000000000000000) Importer(815301076,1909f56bfc062723c751e8b465ee728b)  -> (artifact id: '32efa51fbd185f2834a704294c982a32') in 0.008828 seconds
  Import took 0.011855 seconds .

========================================================================
Received Import Request.
  Time since last request: 6.819553 seconds.
  path: Assets/Prefabs/Zombie.prefab
  artifactKey: Guid(72cee4b659fe064459aabcc90877d2b4) Importer(815301076,1909f56bfc062723c751e8b465ee728b)
Start importing Assets/Prefabs/Zombie.prefab using Guid(72cee4b659fe064459aabcc90877d2b4) Importer(815301076,1909f56bfc062723c751e8b465ee728b)  -> (artifact id: 'ac016a494025278edbf93cb0eecbf91d') in 0.030042 seconds
  Import took 0.033788 seconds .

========================================================================
Received Prepare
Registering precompiled user dll's ...
Registered in 0.000937 seconds.
Begin MonoManager ReloadAssembly
Native extension for WindowsStandalone target not found
Refreshing native plugins compatible for Editor in 0.27 ms, found 0 plugins.
Preloading 0 native plugins for Editor in 0.00 ms.
Mono: successfully reloaded assembly
- Completed reload, in  0.832 seconds
Platform modules already initialized, skipping
Refreshing native plugins compatible for Editor in 0.25 ms, found 0 plugins.
Preloading 0 native plugins for Editor in 0.00 ms.
Unloading 1598 Unused Serialized files (Serialized files now loaded: 0)
System memory in use before: 95.3 MB.
System memory in use after: 95.4 MB.

Unloading 7 unused Assets to reduce memory usage. Loaded Objects now: 2233.
Total: 1.917000 ms (FindLiveObjects: 0.197400 ms CreateObjectMapping: 0.063800 ms MarkObjects: 1.600700 ms  DeleteObjects: 0.053900 ms)

========================================================================
Received Import Request.
  Time since last request: 146.203498 seconds.
  path: Assets/Prefabs/SWATPlayer.prefab
  artifactKey: Guid(5eac51f2522e4674bb396ecb6c3ddb8c) Importer(815301076,1909f56bfc062723c751e8b465ee728b)
Start importing Assets/Prefabs/SWATPlayer.prefab using Guid(5eac51f2522e4674bb396ecb6c3ddb8c) Importer(815301076,1909f56bfc062723c751e8b465ee728b)  -> (artifact id: 'ea1a99adb345bfd0b8a9325a87d12874') in 0.161254 seconds
  Import took 0.165638 seconds .

========================================================================
Received Prepare
Registering precompiled user dll's ...
Registered in 0.000853 seconds.
Begin MonoManager ReloadAssembly
Native extension for WindowsStandalone target not found
Refreshing native plugins compatible for Editor in 0.27 ms, found 0 plugins.
Preloading 0 native plugins for Editor in 0.00 ms.
Mono: successfully reloaded assembly
- Completed reload, in  0.838 seconds
Platform modules already initialized, skipping
Refreshing native plugins compatible for Editor in 0.26 ms, found 0 plugins.
Preloading 0 native plugins for Editor in 0.00 ms.
Unloading 1598 Unused Serialized files (Serialized files now loaded: 0)
System memory in use before: 95.3 MB.
System memory in use after: 95.4 MB.

Unloading 6 unused Assets to reduce memory usage. Loaded Objects now: 2237.
Total: 1.813000 ms (FindLiveObjects: 0.168500 ms CreateObjectMapping: 0.054700 ms MarkObjects: 1.536300 ms  DeleteObjects: 0.052600 ms)

========================================================================
Received Prepare
Registering precompiled user dll's ...
Registered in 0.001076 seconds.
Begin MonoManager ReloadAssembly
Native extension for WindowsStandalone target not found
Refreshing native plugins compatible for Editor in 0.26 ms, found 0 plugins.
Preloading 0 native plugins for Editor in 0.00 ms.
Mono: successfully reloaded assembly
- Completed reload, in  0.825 seconds
Platform modules already initialized, skipping
Refreshing native plugins compatible for Editor in 0.26 ms, found 0 plugins.
Preloading 0 native plugins for Editor in 0.00 ms.
Unloading 1598 Unused Serialized files (Serialized files now loaded: 0)
System memory in use before: 95.3 MB.
System memory in use after: 95.4 MB.

Unloading 6 unused Assets to reduce memory usage. Loaded Objects now: 2240.
Total: 1.641800 ms (FindLiveObjects: 0.150300 ms CreateObjectMapping: 0.054600 ms MarkObjects: 1.383700 ms  DeleteObjects: 0.052300 ms)

========================================================================
Received Prepare
Registering precompiled user dll's ...
Registered in 0.001161 seconds.
Begin MonoManager ReloadAssembly
Native extension for WindowsStandalone target not found
Refreshing native plugins compatible for Editor in 0.28 ms, found 0 plugins.
Preloading 0 native plugins for Editor in 0.00 ms.
Mono: successfully reloaded assembly
- Completed reload, in  0.967 seconds
Platform modules already initialized, skipping
Refreshing native plugins compatible for Editor in 0.26 ms, found 0 plugins.
Preloading 0 native plugins for Editor in 0.00 ms.
Unloading 1598 Unused Serialized files (Serialized files now loaded: 0)
System memory in use before: 95.3 MB.
System memory in use after: 95.4 MB.

Unloading 6 unused Assets to reduce memory usage. Loaded Objects now: 2243.
Total: 1.855400 ms (FindLiveObjects: 0.182300 ms CreateObjectMapping: 0.091100 ms MarkObjects: 1.524700 ms  DeleteObjects: 0.055300 ms)

========================================================================
Received Prepare
Registering precompiled user dll's ...
Registered in 0.000891 seconds.
Begin MonoManager ReloadAssembly
Native extension for WindowsStandalone target not found
Refreshing native plugins compatible for Editor in 0.26 ms, found 0 plugins.
Preloading 0 native plugins for Editor in 0.00 ms.
Mono: successfully reloaded assembly
- Completed reload, in  0.839 seconds
Platform modules already initialized, skipping
Refreshing native plugins compatible for Editor in 0.27 ms, found 0 plugins.
Preloading 0 native plugins for Editor in 0.00 ms.
Unloading 1598 Unused Serialized files (Serialized files now loaded: 0)
System memory in use before: 95.3 MB.
System memory in use after: 95.4 MB.

Unloading 6 unused Assets to reduce memory usage. Loaded Objects now: 2246.
Total: 1.949600 ms (FindLiveObjects: 0.219600 ms CreateObjectMapping: 0.076000 ms MarkObjects: 1.596800 ms  DeleteObjects: 0.056200 ms)

========================================================================
Received Import Request.
  Time since last request: 280.220941 seconds.
  path: Assets/Prefabs/Zombie.prefab
  artifactKey: Guid(72cee4b659fe064459aabcc90877d2b4) Importer(815301076,1909f56bfc062723c751e8b465ee728b)
Start importing Assets/Prefabs/Zombie.prefab using Guid(72cee4b659fe064459aabcc90877d2b4) Importer(815301076,1909f56bfc062723c751e8b465ee728b)  -> (artifact id: 'edf6201dd9cd7cda53ce554b499fd92c') in 0.071906 seconds
  Import took 0.075172 seconds .

========================================================================
Received Prepare
Registering precompiled user dll's ...
Registered in 0.000921 seconds.
Begin MonoManager ReloadAssembly
Native extension for WindowsStandalone target not found
Refreshing native plugins compatible for Editor in 0.25 ms, found 0 plugins.
Preloading 0 native plugins for Editor in 0.00 ms.
Mono: successfully reloaded assembly
- Completed reload, in  0.843 seconds
Platform modules already initialized, skipping
Refreshing native plugins compatible for Editor in 0.26 ms, found 0 plugins.
Preloading 0 native plugins for Editor in 0.00 ms.
Unloading 1598 Unused Serialized files (Serialized files now loaded: 0)
System memory in use before: 95.4 MB.
System memory in use after: 95.5 MB.

Unloading 6 unused Assets to reduce memory usage. Loaded Objects now: 2250.
Total: 1.722900 ms (FindLiveObjects: 0.151700 ms CreateObjectMapping: 0.052900 ms MarkObjects: 1.465100 ms  DeleteObjects: 0.052400 ms)

========================================================================
Received Import Request.
  Time since last request: 82.476530 seconds.
  path: Assets/Prefabs/SWATPlayer.prefab
  artifactKey: Guid(5eac51f2522e4674bb396ecb6c3ddb8c) Importer(815301076,1909f56bfc062723c751e8b465ee728b)
Start importing Assets/Prefabs/SWATPlayer.prefab using Guid(5eac51f2522e4674bb396ecb6c3ddb8c) Importer(815301076,1909f56bfc062723c751e8b465ee728b)  -> (artifact id: 'f031911213a80d67eccbeca7db644bd1') in 0.134096 seconds
  Import took 0.138619 seconds .

========================================================================
Received Prepare
Registering precompiled user dll's ...
Registered in 0.000893 seconds.
Begin MonoManager ReloadAssembly
Native extension for WindowsStandalone target not found
Refreshing native plugins compatible for Editor in 0.28 ms, found 0 plugins.
Preloading 0 native plugins for Editor in 0.00 ms.
Mono: successfully reloaded assembly
- Completed reload, in  0.946 seconds
Platform modules already initialized, skipping
Refreshing native plugins compatible for Editor in 0.27 ms, found 0 plugins.
Preloading 0 native plugins for Editor in 0.00 ms.
Unloading 1598 Unused Serialized files (Serialized files now loaded: 0)
System memory in use before: 95.4 MB.
System memory in use after: 95.5 MB.

Unloading 6 unused Assets to reduce memory usage. Loaded Objects now: 2254.
Total: 1.881400 ms (FindLiveObjects: 0.182700 ms CreateObjectMapping: 0.071800 ms MarkObjects: 1.569000 ms  DeleteObjects: 0.056700 ms)

========================================================================
Received Prepare
Registering precompiled user dll's ...
Registered in 0.000871 seconds.
Begin MonoManager ReloadAssembly
Native extension for WindowsStandalone target not found
Refreshing native plugins compatible for Editor in 0.25 ms, found 0 plugins.
Preloading 0 native plugins for Editor in 0.00 ms.
Mono: successfully reloaded assembly
- Completed reload, in  0.839 seconds
Platform modules already initialized, skipping
Refreshing native plugins compatible for Editor in 0.26 ms, found 0 plugins.
Preloading 0 native plugins for Editor in 0.00 ms.
Unloading 1598 Unused Serialized files (Serialized files now loaded: 0)
System memory in use before: 95.4 MB.
System memory in use after: 95.5 MB.

Unloading 6 unused Assets to reduce memory usage. Loaded Objects now: 2257.
Total: 1.849900 ms (FindLiveObjects: 0.163200 ms CreateObjectMapping: 0.060300 ms MarkObjects: 1.570200 ms  DeleteObjects: 0.055200 ms)

========================================================================
Received Prepare
Registering precompiled user dll's ...
Registered in 0.000939 seconds.
Begin MonoManager ReloadAssembly
Native extension for WindowsStandalone target not found
Refreshing native plugins compatible for Editor in 0.26 ms, found 0 plugins.
Preloading 0 native plugins for Editor in 0.00 ms.
Mono: successfully reloaded assembly
- Completed reload, in  0.828 seconds
Platform modules already initialized, skipping
Refreshing native plugins compatible for Editor in 0.25 ms, found 0 plugins.
Preloading 0 native plugins for Editor in 0.00 ms.
Unloading 1598 Unused Serialized files (Serialized files now loaded: 0)
System memory in use before: 95.4 MB.
System memory in use after: 95.5 MB.

Unloading 6 unused Assets to reduce memory usage. Loaded Objects now: 2260.
Total: 1.742200 ms (FindLiveObjects: 0.145800 ms CreateObjectMapping: 0.054200 ms MarkObjects: 1.490900 ms  DeleteObjects: 0.050700 ms)

========================================================================
Received Prepare
Registering precompiled user dll's ...
Registered in 0.000917 seconds.
Begin MonoManager ReloadAssembly
Native extension for WindowsStandalone target not found
Refreshing native plugins compatible for Editor in 0.26 ms, found 0 plugins.
Preloading 0 native plugins for Editor in 0.00 ms.
Mono: successfully reloaded assembly
- Completed reload, in  0.835 seconds
Platform modules already initialized, skipping
Refreshing native plugins compatible for Editor in 0.26 ms, found 0 plugins.
Preloading 0 native plugins for Editor in 0.00 ms.
Unloading 1598 Unused Serialized files (Serialized files now loaded: 0)
System memory in use before: 95.4 MB.
System memory in use after: 95.5 MB.

Unloading 6 unused Assets to reduce memory usage. Loaded Objects now: 2263.
Total: 1.667500 ms (FindLiveObjects: 0.162100 ms CreateObjectMapping: 0.058100 ms MarkObjects: 1.391000 ms  DeleteObjects: 0.055100 ms)

========================================================================
Received Prepare
Registering precompiled user dll's ...
Registered in 0.000897 seconds.
Begin MonoManager ReloadAssembly
Native extension for WindowsStandalone target not found
Refreshing native plugins compatible for Editor in 0.26 ms, found 0 plugins.
Preloading 0 native plugins for Editor in 0.00 ms.
Mono: successfully reloaded assembly
- Completed reload, in  0.920 seconds
Platform modules already initialized, skipping
Refreshing native plugins compatible for Editor in 0.25 ms, found 0 plugins.
Preloading 0 native plugins for Editor in 0.00 ms.
Unloading 1598 Unused Serialized files (Serialized files now loaded: 0)
System memory in use before: 95.4 MB.
System memory in use after: 95.5 MB.

Unloading 6 unused Assets to reduce memory usage. Loaded Objects now: 2266.
Total: 1.877700 ms (FindLiveObjects: 0.157800 ms CreateObjectMapping: 0.059800 ms MarkObjects: 1.605500 ms  DeleteObjects: 0.053700 ms)

========================================================================
Received Prepare
Registering precompiled user dll's ...
Registered in 0.000908 seconds.
Begin MonoManager ReloadAssembly
Native extension for WindowsStandalone target not found
Refreshing native plugins compatible for Editor in 0.26 ms, found 0 plugins.
Preloading 0 native plugins for Editor in 0.00 ms.
Mono: successfully reloaded assembly
- Completed reload, in  0.945 seconds
Platform modules already initialized, skipping
Refreshing native plugins compatible for Editor in 0.25 ms, found 0 plugins.
Preloading 0 native plugins for Editor in 0.00 ms.
Unloading 1598 Unused Serialized files (Serialized files now loaded: 0)
System memory in use before: 95.4 MB.
System memory in use after: 95.5 MB.

Unloading 6 unused Assets to reduce memory usage. Loaded Objects now: 2269.
Total: 1.980600 ms (FindLiveObjects: 0.255200 ms CreateObjectMapping: 0.115500 ms MarkObjects: 1.557100 ms  DeleteObjects: 0.051600 ms)

========================================================================
Received Prepare
Registering precompiled user dll's ...
Registered in 0.001088 seconds.
Begin MonoManager ReloadAssembly
Native extension for WindowsStandalone target not found
Refreshing native plugins compatible for Editor in 0.25 ms, found 0 plugins.
Preloading 0 native plugins for Editor in 0.00 ms.
Mono: successfully reloaded assembly
- Completed reload, in  0.829 seconds
Platform modules already initialized, skipping
Refreshing native plugins compatible for Editor in 0.25 ms, found 0 plugins.
Preloading 0 native plugins for Editor in 0.00 ms.
Unloading 1598 Unused Serialized files (Serialized files now loaded: 0)
System memory in use before: 95.4 MB.
System memory in use after: 95.5 MB.

Unloading 6 unused Assets to reduce memory usage. Loaded Objects now: 2272.
Total: 1.847700 ms (FindLiveObjects: 0.160600 ms CreateObjectMapping: 0.058100 ms MarkObjects: 1.573600 ms  DeleteObjects: 0.054400 ms)

========================================================================
Received Prepare
Registering precompiled user dll's ...
Registered in 0.001018 seconds.
Begin MonoManager ReloadAssembly
Native extension for WindowsStandalone target not found
Refreshing native plugins compatible for Editor in 0.25 ms, found 0 plugins.
Preloading 0 native plugins for Editor in 0.00 ms.
Mono: successfully reloaded assembly
- Completed reload, in  0.833 seconds
Platform modules already initialized, skipping
Refreshing native plugins compatible for Editor in 0.25 ms, found 0 plugins.
Preloading 0 native plugins for Editor in 0.00 ms.
Unloading 1598 Unused Serialized files (Serialized files now loaded: 0)
System memory in use before: 95.4 MB.
System memory in use after: 95.5 MB.

Unloading 6 unused Assets to reduce memory usage. Loaded Objects now: 2275.
Total: 1.715600 ms (FindLiveObjects: 0.155400 ms CreateObjectMapping: 0.055300 ms MarkObjects: 1.447200 ms  DeleteObjects: 0.056500 ms)

========================================================================
Received Prepare
Registering precompiled user dll's ...
Registered in 0.000933 seconds.
Begin MonoManager ReloadAssembly
Native extension for WindowsStandalone target not found
Refreshing native plugins compatible for Editor in 0.25 ms, found 0 plugins.
Preloading 0 native plugins for Editor in 0.00 ms.
Mono: successfully reloaded assembly
- Completed reload, in  0.838 seconds
Platform modules already initialized, skipping
Refreshing native plugins compatible for Editor in 0.27 ms, found 0 plugins.
Preloading 0 native plugins for Editor in 0.00 ms.
Unloading 1598 Unused Serialized files (Serialized files now loaded: 0)
System memory in use before: 95.4 MB.
System memory in use after: 95.5 MB.

Unloading 6 unused Assets to reduce memory usage. Loaded Objects now: 2278.
Total: 1.895700 ms (FindLiveObjects: 0.166000 ms CreateObjectMapping: 0.059900 ms MarkObjects: 1.611100 ms  DeleteObjects: 0.057800 ms)

========================================================================
Received Prepare
Registering precompiled user dll's ...
Registered in 0.000870 seconds.
Begin MonoManager ReloadAssembly
Native extension for WindowsStandalone target not found
Refreshing native plugins compatible for Editor in 0.25 ms, found 0 plugins.
Preloading 0 native plugins for Editor in 0.00 ms.
Mono: successfully reloaded assembly
- Completed reload, in  0.840 seconds
Platform modules already initialized, skipping
Refreshing native plugins compatible for Editor in 0.27 ms, found 0 plugins.
Preloading 0 native plugins for Editor in 0.00 ms.
Unloading 1598 Unused Serialized files (Serialized files now loaded: 0)
System memory in use before: 95.4 MB.
System memory in use after: 95.5 MB.

Unloading 6 unused Assets to reduce memory usage. Loaded Objects now: 2281.
Total: 1.822400 ms (FindLiveObjects: 0.149500 ms CreateObjectMapping: 0.052300 ms MarkObjects: 1.566200 ms  DeleteObjects: 0.053400 ms)

========================================================================
Received Prepare
Registering precompiled user dll's ...
Registered in 0.001003 seconds.
Begin MonoManager ReloadAssembly
Native extension for WindowsStandalone target not found
Refreshing native plugins compatible for Editor in 0.30 ms, found 0 plugins.
Preloading 0 native plugins for Editor in 0.00 ms.
Mono: successfully reloaded assembly
- Completed reload, in  0.834 seconds
Platform modules already initialized, skipping
Refreshing native plugins compatible for Editor in 0.26 ms, found 0 plugins.
Preloading 0 native plugins for Editor in 0.00 ms.
Unloading 1598 Unused Serialized files (Serialized files now loaded: 0)
System memory in use before: 95.5 MB.
System memory in use after: 95.5 MB.

Unloading 6 unused Assets to reduce memory usage. Loaded Objects now: 2284.
Total: 1.975300 ms (FindLiveObjects: 0.320900 ms CreateObjectMapping: 0.107800 ms MarkObjects: 1.484200 ms  DeleteObjects: 0.061100 ms)

========================================================================
Received Prepare
Registering precompiled user dll's ...
Registered in 0.000935 seconds.
Begin MonoManager ReloadAssembly
Native extension for WindowsStandalone target not found
Refreshing native plugins compatible for Editor in 0.26 ms, found 0 plugins.
Preloading 0 native plugins for Editor in 0.00 ms.
Mono: successfully reloaded assembly
- Completed reload, in  0.830 seconds
Platform modules already initialized, skipping
Refreshing native plugins compatible for Editor in 0.26 ms, found 0 plugins.
Preloading 0 native plugins for Editor in 0.00 ms.
Unloading 1598 Unused Serialized files (Serialized files now loaded: 0)
System memory in use before: 95.5 MB.
System memory in use after: 95.5 MB.

Unloading 6 unused Assets to reduce memory usage. Loaded Objects now: 2287.
Total: 1.741900 ms (FindLiveObjects: 0.163300 ms CreateObjectMapping: 0.059200 ms MarkObjects: 1.466600 ms  DeleteObjects: 0.052000 ms)

========================================================================
Received Prepare
Registering precompiled user dll's ...
Registered in 0.000923 seconds.
Begin MonoManager ReloadAssembly
Native extension for WindowsStandalone target not found
Refreshing native plugins compatible for Editor in 0.28 ms, found 0 plugins.
Preloading 0 native plugins for Editor in 0.00 ms.
Mono: successfully reloaded assembly
- Completed reload, in  0.838 seconds
Platform modules already initialized, skipping
Refreshing native plugins compatible for Editor in 0.25 ms, found 0 plugins.
Preloading 0 native plugins for Editor in 0.00 ms.
Unloading 1598 Unused Serialized files (Serialized files now loaded: 0)
System memory in use before: 95.5 MB.
System memory in use after: 95.5 MB.

Unloading 6 unused Assets to reduce memory usage. Loaded Objects now: 2290.
Total: 1.854500 ms (FindLiveObjects: 0.157300 ms CreateObjectMapping: 0.056700 ms MarkObjects: 1.583400 ms  DeleteObjects: 0.056200 ms)

========================================================================
Received Prepare
Registering precompiled user dll's ...
Registered in 0.000874 seconds.
Begin MonoManager ReloadAssembly
Native extension for WindowsStandalone target not found
Refreshing native plugins compatible for Editor in 0.26 ms, found 0 plugins.
Preloading 0 native plugins for Editor in 0.00 ms.
Mono: successfully reloaded assembly
- Completed reload, in  0.826 seconds
Platform modules already initialized, skipping
Refreshing native plugins compatible for Editor in 0.26 ms, found 0 plugins.
Preloading 0 native plugins for Editor in 0.00 ms.
Unloading 1598 Unused Serialized files (Serialized files now loaded: 0)
System memory in use before: 95.5 MB.
System memory in use after: 95.6 MB.

Unloading 6 unused Assets to reduce memory usage. Loaded Objects now: 2293.
Total: 1.798900 ms (FindLiveObjects: 0.163600 ms CreateObjectMapping: 0.063500 ms MarkObjects: 1.518000 ms  DeleteObjects: 0.053000 ms)

========================================================================
Received Prepare
Registering precompiled user dll's ...
Registered in 0.001010 seconds.
Begin MonoManager ReloadAssembly
Native extension for WindowsStandalone target not found
Refreshing native plugins compatible for Editor in 0.27 ms, found 0 plugins.
Preloading 0 native plugins for Editor in 0.00 ms.
Mono: successfully reloaded assembly
- Completed reload, in  0.910 seconds
Platform modules already initialized, skipping
Refreshing native plugins compatible for Editor in 0.26 ms, found 0 plugins.
Preloading 0 native plugins for Editor in 0.00 ms.
Unloading 1598 Unused Serialized files (Serialized files now loaded: 0)
System memory in use before: 95.5 MB.
System memory in use after: 95.6 MB.

Unloading 6 unused Assets to reduce memory usage. Loaded Objects now: 2296.
Total: 2.065000 ms (FindLiveObjects: 0.195500 ms CreateObjectMapping: 0.072100 ms MarkObjects: 1.732800 ms  DeleteObjects: 0.062900 ms)

========================================================================
Received Prepare
Registering precompiled user dll's ...
Registered in 0.000901 seconds.
Begin MonoManager ReloadAssembly
Native extension for WindowsStandalone target not found
Refreshing native plugins compatible for Editor in 0.26 ms, found 0 plugins.
Preloading 0 native plugins for Editor in 0.00 ms.
Mono: successfully reloaded assembly
- Completed reload, in  0.830 seconds
Platform modules already initialized, skipping
Refreshing native plugins compatible for Editor in 0.25 ms, found 0 plugins.
Preloading 0 native plugins for Editor in 0.00 ms.
Unloading 1598 Unused Serialized files (Serialized files now loaded: 0)
System memory in use before: 95.5 MB.
System memory in use after: 95.6 MB.

Unloading 6 unused Assets to reduce memory usage. Loaded Objects now: 2299.
Total: 1.974900 ms (FindLiveObjects: 0.181500 ms CreateObjectMapping: 0.072600 ms MarkObjects: 1.662500 ms  DeleteObjects: 0.057100 ms)

========================================================================
Received Prepare
Registering precompiled user dll's ...
Registered in 0.000933 seconds.
Begin MonoManager ReloadAssembly
Native extension for WindowsStandalone target not found
Refreshing native plugins compatible for Editor in 0.26 ms, found 0 plugins.
Preloading 0 native plugins for Editor in 0.00 ms.
Mono: successfully reloaded assembly
- Completed reload, in  0.922 seconds
Platform modules already initialized, skipping
Refreshing native plugins compatible for Editor in 0.26 ms, found 0 plugins.
Preloading 0 native plugins for Editor in 0.00 ms.
Unloading 1598 Unused Serialized files (Serialized files now loaded: 0)
System memory in use before: 95.5 MB.
System memory in use after: 95.6 MB.

Unloading 6 unused Assets to reduce memory usage. Loaded Objects now: 2302.
Total: 1.927300 ms (FindLiveObjects: 0.175600 ms CreateObjectMapping: 0.065400 ms MarkObjects: 1.628400 ms  DeleteObjects: 0.056800 ms)

========================================================================
Received Prepare
Registering precompiled user dll's ...
Registered in 0.000854 seconds.
Begin MonoManager ReloadAssembly
Native extension for WindowsStandalone target not found
Refreshing native plugins compatible for Editor in 0.25 ms, found 0 plugins.
Preloading 0 native plugins for Editor in 0.00 ms.
Mono: successfully reloaded assembly
- Completed reload, in  0.830 seconds
Platform modules already initialized, skipping
Refreshing native plugins compatible for Editor in 0.26 ms, found 0 plugins.
Preloading 0 native plugins for Editor in 0.00 ms.
Unloading 1598 Unused Serialized files (Serialized files now loaded: 0)
System memory in use before: 95.5 MB.
System memory in use after: 95.6 MB.

Unloading 6 unused Assets to reduce memory usage. Loaded Objects now: 2305.
Total: 1.784100 ms (FindLiveObjects: 0.153900 ms CreateObjectMapping: 0.055000 ms MarkObjects: 1.522600 ms  DeleteObjects: 0.051500 ms)

AssetImportWorkerClient::OnTransportError - code=2 error=End of file
